00:00:00.763236 VirtualBox GUI VM Selector Window 7.0.10 r158379 linux.amd64 (Aug 11 2023 12:19:51) release log
00:00:00.763240 Log opened 2023-09-20T20:06:54.114178000Z
00:00:00.763240 Build Type: release
00:00:00.763244 OS Product: Linux
00:00:00.763245 OS Release: 6.4.12-zen1-1-zen
00:00:00.763247 OS Version: #1 ZEN SMP PREEMPT_DYNAMIC Thu, 24 Aug 2023 00:37:46 +0000
00:00:00.763285 DMI Product Name: VPCEB3TFX
00:00:00.763300 DMI Product Version: C606UX3M
00:00:00.763309 Firmware type: BIOS
00:00:00.763362 Host RAM: 3583MB (3.4GB) total, 2336MB (2.2GB) available
00:00:00.763366 Executable: /usr/lib/virtualbox/VirtualBox
00:00:00.763366 Process ID: 2746
00:00:00.763367 Package type: LINUX_64BITS_GENERIC (OSE)
00:00:00.763423 Qt version: 5.15.10
00:00:00.765121 GUI: UIMediumEnumerator: Initial medium-enumeration finished!
00:00:00.786718 GUI: UIMediumEnumerator: Medium-enumeration started...
00:00:02.323050 GUI: UIDesktopWidgetWatchdog::sltHandleHostScreenAvailableGeometryCalculated: Screen 0 work area is actually resized to: 0x46 x 1920x1034
00:00:02.369531 GUI: UIMediumEnumerator: Medium-enumeration finished!
00:01:02.005288 GUI: UIMediumEnumerator: Medium-enumeration finished!
00:01:02.231537 GUI: UIMediumEnumerator: Medium-enumeration finished!
00:01:12.915269 GUI: UIMediumEnumerator: Medium-enumeration finished!
00:01:16.098750 GUI: UIMediumEnumerator: Medium-enumeration finished!
00:01:23.403785 GUI: UIMediumEnumerator: Medium-enumeration finished!
00:01:23.420771 GUI: UIMediumEnumerator: Medium-enumeration finished!
00:01:23.536372 GUI: UIMediumEnumerator: Medium-enumeration finished!
00:01:24.015810 GUI: UIMediumEnumerator: Medium-enumeration finished!
00:01:26.627836 GUI: UIMediumEnumerator: Medium-enumeration finished!
00:01:29.860613 GUI: UIMediumEnumerator: Medium-enumeration finished!
00:01:30.430753 GUI: UIMediumEnumerator: Medium-enumeration finished!
00:01:45.169779 GUI: UIMediumEnumerator: Medium-enumeration finished!
00:01:46.632030 GUI: UIMediumEnumerator: Medium-enumeration finished!
00:01:47.104038 GUI: UIMediumEnumerator: Medium-enumeration finished!
00:02:21.002064 GUI: UIMediumEnumerator: Medium-enumeration finished!
00:03:16.153082 GUI: UIMediumEnumerator: Medium-enumeration finished!
00:18:51.335825 GUI: UIMediumEnumerator: Medium-enumeration finished!
00:23:23.918121 GUI: UIMediumEnumerator: Medium-enumeration finished!
00:23:37.353680 GUI: UICommon: Handling aboutToQuit request..
00:23:38.270534 GUI: UICommon: aboutToQuit request handled!
